c:\users\ownem\source\repos\saffronengine\engine\thirdparty\mono\obj\debug\mono.pdb
c:\users\ownem\source\repos\saffronengine\engine\thirdparty\mono\obj\debug\mono.idb
c:\users\ownem\source\repos\saffronengine\engine\thirdparty\mono\obj\debug\mono_string.obj
c:\users\ownem\source\repos\saffronengine\engine\thirdparty\mono\obj\debug\mono_jit.obj
c:\users\ownem\source\repos\saffronengine\engine\thirdparty\mono\obj\debug\mono_domain.obj
c:\users\ownem\source\repos\saffronengine\engine\thirdparty\mono\obj\debug\mono_method.obj
c:\users\ownem\source\repos\saffronengine\engine\thirdparty\mono\obj\debug\mono_property.obj
c:\users\ownem\source\repos\saffronengine\engine\thirdparty\mono\obj\debug\mono_field.obj
c:\users\ownem\source\repos\saffronengine\engine\thirdparty\mono\obj\debug\mono_type.obj
c:\users\ownem\source\repos\saffronengine\engine\thirdparty\mono\obj\debug\mono_exception.obj
c:\users\ownem\source\repos\saffronengine\engine\thirdparty\mono\obj\debug\mono_gc_handle.obj
c:\users\ownem\source\repos\saffronengine\engine\thirdparty\mono\obj\debug\mono_logger.obj
c:\users\ownem\source\repos\saffronengine\engine\thirdparty\mono\obj\debug\mono_object.obj
c:\users\ownem\source\repos\saffronengine\engine\thirdparty\mono\obj\debug\mono_assembly.obj
c:\users\ownem\source\repos\saffronengine\engine\thirdparty\mono\bin\debug\mono.lib
c:\users\ownem\source\repos\saffronengine\engine\thirdparty\mono\obj\debug\mono.vcxprojassemblyreference.cache
c:\users\ownem\source\repos\saffronengine\engine\thirdparty\mono\obj\debug\mono.tlog\cl.command.1.tlog
c:\users\ownem\source\repos\saffronengine\engine\thirdparty\mono\obj\debug\mono.tlog\cl.read.1.tlog
c:\users\ownem\source\repos\saffronengine\engine\thirdparty\mono\obj\debug\mono.tlog\cl.write.1.tlog
c:\users\ownem\source\repos\saffronengine\engine\thirdparty\mono\obj\debug\mono.tlog\lib-link.read.1.tlog
c:\users\ownem\source\repos\saffronengine\engine\thirdparty\mono\obj\debug\mono.tlog\lib-link.write.1.tlog
c:\users\ownem\source\repos\saffronengine\engine\thirdparty\mono\obj\debug\mono.tlog\lib.command.1.tlog
